<?xml version="1.0" encoding="UTF-8"?>
<testsuite name="com.hh99_clone.hh99_clone.Hh99CloneApplicationTests" tests="1" skipped="0" failures="0" errors="0" timestamp="2021-04-07T15:18:14" hostname="jeongseogmaeg.local" time="0.075">
  <properties/>
  <testcase name="contextLoads()" classname="com.hh99_clone.hh99_clone.Hh99CloneApplicationTests" time="0.075"/>
  <system-out><![CDATA[00:18:09.583 [Test worker] DEBUG org.springframework.test.context.BootstrapUtils - Instantiating CacheAwareContextLoaderDelegate from class [org.springframework.test.context.cache.DefaultCacheAwareContextLoaderDelegate]
00:18:09.594 [Test worker] DEBUG org.springframework.test.context.BootstrapUtils - Instantiating BootstrapContext using constructor [public org.springframework.test.context.support.DefaultBootstrapContext(java.lang.Class,org.springframework.test.context.CacheAwareContextLoaderDelegate)]
00:18:09.624 [Test worker] DEBUG org.springframework.test.context.BootstrapUtils - Instantiating TestContextBootstrapper for test class [com.hh99_clone.hh99_clone.Hh99CloneApplicationTests] from class [org.springframework.boot.test.context.SpringBootTestContextBootstrapper]
00:18:09.636 [Test worker] INFO org.springframework.boot.test.context.SpringBootTestContextBootstrapper - Neither @ContextConfiguration nor @ContextHierarchy found for test class [com.hh99_clone.hh99_clone.Hh99CloneApplicationTests], using SpringBootContextLoader
00:18:09.639 [Test worker] DEBUG org.springframework.test.context.support.AbstractContextLoader - Did not detect default resource location for test class [com.hh99_clone.hh99_clone.Hh99CloneApplicationTests]: class path resource [com/hh99_clone/hh99_clone/Hh99CloneApplicationTests-context.xml] does not exist
00:18:09.639 [Test worker] DEBUG org.springframework.test.context.support.AbstractContextLoader - Did not detect default resource location for test class [com.hh99_clone.hh99_clone.Hh99CloneApplicationTests]: class path resource [com/hh99_clone/hh99_clone/Hh99CloneApplicationTestsContext.groovy] does not exist
00:18:09.640 [Test worker] INFO org.springframework.test.context.support.AbstractContextLoader - Could not detect default resource locations for test class [com.hh99_clone.hh99_clone.Hh99CloneApplicationTests]: no resource found for suffixes {-context.xml, Context.groovy}.
00:18:09.640 [Test worker] INFO org.springframework.test.context.support.AnnotationConfigContextLoaderUtils - Could not detect default configuration classes for test class [com.hh99_clone.hh99_clone.Hh99CloneApplicationTests]: Hh99CloneApplicationTests does not declare any static, non-private, non-final, nested classes annotated with @Configuration.
00:18:09.678 [Test worker] DEBUG org.springframework.test.context.support.ActiveProfilesUtils - Could not find an 'annotation declaring class' for annotation type [org.springframework.test.context.ActiveProfiles] and class [com.hh99_clone.hh99_clone.Hh99CloneApplicationTests]
00:18:09.734 [Test worker] DEBUG org.springframework.context.annotation.ClassPathScanningCandidateComponentProvider - Identified candidate component class: file [/Users/underjoy/Desktop/hh99/cpt4/hh99_clone/build/classes/java/main/com/hh99_clone/hh99_clone/Hh99CloneApplication.class]
00:18:09.735 [Test worker] INFO org.springframework.boot.test.context.SpringBootTestContextBootstrapper - Found @SpringBootConfiguration com.hh99_clone.hh99_clone.Hh99CloneApplication for test class com.hh99_clone.hh99_clone.Hh99CloneApplicationTests
00:18:09.815 [Test worker] DEBUG org.springframework.boot.test.context.SpringBootTestContextBootstrapper - @TestExecutionListeners is not present for class [com.hh99_clone.hh99_clone.Hh99CloneApplicationTests]: using defaults.
00:18:09.815 [Test worker] INFO org.springframework.boot.test.context.SpringBootTestContextBootstrapper - Loaded default TestExecutionListener class names from location [META-INF/spring.factories]: [org.springframework.security.test.context.support.WithSecurityContextTestExecutionListener, org.springframework.security.test.context.support.ReactorContextTestExecutionListener, org.springframework.boot.test.autoconfigure.restdocs.RestDocsTestExecutionListener, org.springframework.boot.test.autoconfigure.web.client.MockRestServiceServerResetTestExecutionListener, org.springframework.boot.test.autoconfigure.web.servlet.MockMvcPrintOnlyOnFailureTestExecutionListener, org.springframework.boot.test.autoconfigure.web.servlet.WebDriverTestExecutionListener, org.springframework.boot.test.autoconfigure.webservices.client.MockWebServiceServerTestExecutionListener, org.springframework.boot.test.mock.mockito.MockitoTestExecutionListener, org.springframework.boot.test.mock.mockito.ResetMocksTestExecutionListener, org.springframework.test.context.web.ServletTestExecutionListener, org.springframework.test.context.support.DirtiesContextBeforeModesTestExecutionListener, org.springframework.test.context.event.ApplicationEventsTestExecutionListener, org.springframework.test.context.support.DependencyInjectionTestExecutionListener, org.springframework.test.context.support.DirtiesContextTestExecutionListener, org.springframework.test.context.transaction.TransactionalTestExecutionListener, org.springframework.test.context.jdbc.SqlScriptsTestExecutionListener, org.springframework.test.context.event.EventPublishingTestExecutionListener]
00:18:09.834 [Test worker] INFO org.springframework.boot.test.context.SpringBootTestContextBootstrapper - Using TestExecutionListeners: [org.springframework.test.context.web.ServletTestExecutionListener@6952f90e, org.springframework.test.context.support.DirtiesContextBeforeModesTestExecutionListener@70689a77, org.springframework.test.context.event.ApplicationEventsTestExecutionListener@65086579, org.springframework.boot.test.mock.mockito.MockitoTestExecutionListener@7cc68f10, org.springframework.boot.test.autoconfigure.SpringBootDependencyInjectionTestExecutionListener@2a2830f, org.springframework.test.context.support.DirtiesContextTestExecutionListener@36ad1a0e, org.springframework.test.context.transaction.TransactionalTestExecutionListener@10a8820f, org.springframework.test.context.jdbc.SqlScriptsTestExecutionListener@58de2105, org.springframework.security.test.context.support.WithSecurityContextTestExecutionListener@4e726bea, org.springframework.test.context.event.EventPublishingTestExecutionListener@10d17540, org.springframework.security.test.context.support.ReactorContextTestExecutionListener@44bd25af, org.springframework.boot.test.autoconfigure.restdocs.RestDocsTestExecutionListener@6dc2f234, org.springframework.boot.test.autoconfigure.web.client.MockRestServiceServerResetTestExecutionListener@3032f95d, org.springframework.boot.test.autoconfigure.web.servlet.MockMvcPrintOnlyOnFailureTestExecutionListener@2b52f16e, org.springframework.boot.test.autoconfigure.web.servlet.WebDriverTestExecutionListener@66f39f6, org.springframework.boot.test.autoconfigure.webservices.client.MockWebServiceServerTestExecutionListener@7cc6285d, org.springframework.boot.test.mock.mockito.ResetMocksTestExecutionListener@5b99ce89]
00:18:09.838 [Test worker] DEBUG org.springframework.test.context.support.AbstractDirtiesContextTestExecutionListener - Before test class: context [DefaultTestContext@7e096739 testClass = Hh99CloneApplicationTests, testInstance = [null], testMethod = [null], testException = [null], mergedContextConfiguration = [WebMergedContextConfiguration@6e51a49d testClass = Hh99CloneApplicationTests, locations = '{}', classes = '{class com.hh99_clone.hh99_clone.Hh99CloneApplication}', contextInitializerClasses = '[]', activeProfiles = '{}', propertySourceLocations = '{}', propertySourceProperties = '{org.springframework.boot.test.context.SpringBootTestContextBootstrapper=true}', contextCustomizers = set[org.springframework.boot.test.autoconfigure.actuate.metrics.MetricsExportContextCustomizerFactory$DisableMetricExportContextCustomizer@52f1ec35, org.springframework.boot.test.autoconfigure.properties.PropertyMappingContextCustomizer@0, org.springframework.boot.test.autoconfigure.web.servlet.WebDriverContextCustomizerFactory$Customizer@4e60db6a, org.springframework.boot.test.context.filter.ExcludeFilterContextCustomizer@6ce966fb, org.springframework.boot.test.json.DuplicateJsonObjectContextCustomizerFactory$DuplicateJsonObjectContextCustomizer@2646910a, org.springframework.boot.test.mock.mockito.MockitoContextCustomizer@0, org.springframework.boot.test.web.client.TestRestTemplateContextCustomizer@4d21c64b, org.springframework.boot.test.context.SpringBootTestArgs@1, org.springframework.boot.test.context.SpringBootTestWebEnvironment@10b47614], resourceBasePath = 'src/main/webapp', contextLoader = 'org.springframework.boot.test.context.SpringBootContextLoader', parent = [null]], attributes = map['org.springframework.test.context.web.ServletTestExecutionListener.activateListener' -> true]], class annotated with @DirtiesContext [false] with mode [null].
00:18:09.862 [Test worker] DEBUG org.springframework.test.context.support.TestPropertySourceUtils - Adding inlined properties to environment: {spring.jmx.enabled=false, org.springframework.boot.test.context.SpringBootTestContextBootstrapper=true}

  .   ____          _            __ _ _
 /\\ / ___'_ __ _ _(_)_ __  __ _ \ \ \ \
( ( )\___ | '_ | '_| | '_ \/ _` | \ \ \ \
 \\/  ___)| |_)| | | | | || (_| |  ) ) ) )
  '  |____| .__|_| |_|_| |_\__, | / / / /
 =========|_|==============|___/=/_/_/_/
 :: Spring Boot ::                (v2.4.4)

2021-04-08 00:18:10.126  WARN 78639 --- [    Test worker] ory$DuplicateJsonObjectContextCustomizer : 

Found multiple occurrences of org.json.JSONObject on the class path:

	jar:file:/Users/underjoy/.gradle/caches/modules-2/files-2.1/org.json/json/20160810/aca5eb39e2a12fddd6c472b240afe9ebea3a6733/json-20160810.jar!/org/json/JSONObject.class
	jar:file:/Users/underjoy/.gradle/caches/modules-2/files-2.1/com.vaadin.external.google/android-json/0.0.20131108.vaadin1/fa26d351fe62a6a17f5cda1287c1c6110dec413f/android-json-0.0.20131108.vaadin1.jar!/org/json/JSONObject.class

You may wish to exclude one of them to ensure predictable runtime behavior

2021-04-08 00:18:10.139  INFO 78639 --- [    Test worker] c.h.h.Hh99CloneApplicationTests          : Starting Hh99CloneApplicationTests using Java 1.8.0_275 on jeongseogmaeg.local with PID 78639 (started by underjoy in /Users/underjoy/Desktop/hh99/cpt4/hh99_clone)
2021-04-08 00:18:10.140  INFO 78639 --- [    Test worker] c.h.h.Hh99CloneApplicationTests          : No active profile set, falling back to default profiles: default
2021-04-08 00:18:10.736  INFO 78639 --- [    Test worker] .s.d.r.c.RepositoryConfigurationDelegate : Bootstrapping Spring Data JPA repositories in DEFAULT mode.
2021-04-08 00:18:10.798  INFO 78639 --- [    Test worker] .s.d.r.c.RepositoryConfigurationDelegate : Finished Spring Data repository scanning in 56 ms. Found 4 JPA repository interfaces.
2021-04-08 00:18:11.172  INFO 78639 --- [    Test worker] trationDelegate$BeanPostProcessorChecker : Bean 'org.springframework.security.access.expression.method.DefaultMethodSecurityExpressionHandler@d23e121' of type [org.springframework.security.access.expression.method.DefaultMethodSecurityExpressionHandler] is not eligible for getting processed by all BeanPostProcessors (for example: not eligible for auto-proxying)
2021-04-08 00:18:11.182  INFO 78639 --- [    Test worker] trationDelegate$BeanPostProcessorChecker : Bean 'methodSecurityMetadataSource' of type [org.springframework.security.access.method.DelegatingMethodSecurityMetadataSource] is not eligible for getting processed by all BeanPostProcessors (for example: not eligible for auto-proxying)
2021-04-08 00:18:11.353  INFO 78639 --- [    Test worker] o.hibernate.jpa.internal.util.LogHelper  : HHH000204: Processing PersistenceUnitInfo [name: default]
2021-04-08 00:18:11.398  INFO 78639 --- [    Test worker] org.hibernate.Version                    : HHH000412: Hibernate ORM core version 5.4.29.Final
2021-04-08 00:18:11.517  INFO 78639 --- [    Test worker] o.hibernate.annotations.common.Version   : HCANN000001: Hibernate Commons Annotations {5.1.2.Final}
2021-04-08 00:18:11.616  INFO 78639 --- [    Test worker] com.zaxxer.hikari.HikariDataSource       : HikariPool-1 - Starting...
2021-04-08 00:18:11.776  INFO 78639 --- [    Test worker] com.zaxxer.hikari.HikariDataSource       : HikariPool-1 - Start completed.
2021-04-08 00:18:11.793  INFO 78639 --- [    Test worker] org.hibernate.dialect.Dialect            : HHH000400: Using dialect: org.hibernate.dialect.H2Dialect
2021-04-08 00:18:12.458  INFO 78639 --- [    Test worker] o.h.e.t.j.p.i.JtaPlatformInitiator       : HHH000490: Using JtaPlatform implementation: [org.hibernate.engine.transaction.jta.platform.internal.NoJtaPlatform]
2021-04-08 00:18:12.466  INFO 78639 --- [    Test worker] j.LocalContainerEntityManagerFactoryBean : Initialized JPA EntityManagerFactory for persistence unit 'default'
2021-04-08 00:18:13.134  WARN 78639 --- [    Test worker] JpaBaseConfiguration$JpaWebConfiguration : spring.jpa.open-in-view is enabled by default. Therefore, database queries may be performed during view rendering. Explicitly configure spring.jpa.open-in-view to disable this warning
2021-04-08 00:18:13.285  INFO 78639 --- [    Test worker] o.s.s.web.DefaultSecurityFilterChain     : Will secure Ant [pattern='/h2-console/**'] with []
2021-04-08 00:18:13.285  INFO 78639 --- [    Test worker] o.s.s.web.DefaultSecurityFilterChain     : Will secure Ant [pattern='/favicon.ico'] with []
2021-04-08 00:18:13.285  INFO 78639 --- [    Test worker] o.s.s.web.DefaultSecurityFilterChain     : Will secure Ant [pattern='/error'] with []
2021-04-08 00:18:13.348  INFO 78639 --- [    Test worker] o.s.s.web.DefaultSecurityFilterChain     : Will secure any request with [org.springframework.security.web.context.request.async.WebAsyncManagerIntegrationFilter@3f22bf5b, org.springframework.security.web.context.SecurityContextPersistenceFilter@41623aeb, org.springframework.security.web.header.HeaderWriterFilter@43d60cf7, org.springframework.security.web.authentication.logout.LogoutFilter@77496f5, org.springframework.web.filter.CorsFilter@22c4a964, com.hh99_clone.hh99_clone.jwt.JwtFilter@13acac4, org.springframework.security.web.savedrequest.RequestCacheAwareFilter@7d3bf80c, org.springframework.security.web.servletapi.SecurityContextHolderAwareRequestFilter@29219f0e, org.springframework.security.web.authentication.AnonymousAuthenticationFilter@4bb2739a, org.springframework.security.web.session.SessionManagementFilter@1f2ace63, org.springframework.security.web.access.ExceptionTranslationFilter@b6c15fd, org.springframework.security.web.access.intercept.FilterSecurityInterceptor@27433cbf]
2021-04-08 00:18:13.711  INFO 78639 --- [    Test worker] o.s.s.concurrent.ThreadPoolTaskExecutor  : Initializing ExecutorService 'applicationTaskExecutor'
2021-04-08 00:18:13.763  INFO 78639 --- [    Test worker] o.s.b.a.h2.H2ConsoleAutoConfiguration    : H2 console available at '/h2-console'. Database available at 'jdbc:h2:mem:testdb'
2021-04-08 00:18:13.818  INFO 78639 --- [    Test worker] o.s.b.a.w.s.WelcomePageHandlerMapping    : Adding welcome page: class path resource [static/index.html]
2021-04-08 00:18:14.046  INFO 78639 --- [    Test worker] c.h.h.Hh99CloneApplicationTests          : Started Hh99CloneApplicationTests in 4.178 seconds (JVM running for 5.216)
]]></system-out>
  <system-err><![CDATA[]]></system-err>
</testsuite>
