<?xml version="1.0" encoding="UTF-8"?>
<testsuite name="com.hh99_clone.hh99_clone.Hh99CloneApplicationTests" tests="1" skipped="0" failures="0" errors="0" timestamp="2021-04-05T03:06:16" hostname="jeongseogmaeg.local" time="0.084">
  <properties/>
  <testcase name="contextLoads()" classname="com.hh99_clone.hh99_clone.Hh99CloneApplicationTests" time="0.084"/>
  <system-out><![CDATA[12:06:11.222 [Test worker] DEBUG org.springframework.test.context.BootstrapUtils - Instantiating CacheAwareContextLoaderDelegate from class [org.springframework.test.context.cache.DefaultCacheAwareContextLoaderDelegate]
12:06:11.234 [Test worker] DEBUG org.springframework.test.context.BootstrapUtils - Instantiating BootstrapContext using constructor [public org.springframework.test.context.support.DefaultBootstrapContext(java.lang.Class,org.springframework.test.context.CacheAwareContextLoaderDelegate)]
12:06:11.267 [Test worker] DEBUG org.springframework.test.context.BootstrapUtils - Instantiating TestContextBootstrapper for test class [com.hh99_clone.hh99_clone.Hh99CloneApplicationTests] from class [org.springframework.boot.test.context.SpringBootTestContextBootstrapper]
12:06:11.278 [Test worker] INFO org.springframework.boot.test.context.SpringBootTestContextBootstrapper - Neither @ContextConfiguration nor @ContextHierarchy found for test class [com.hh99_clone.hh99_clone.Hh99CloneApplicationTests], using SpringBootContextLoader
12:06:11.281 [Test worker] DEBUG org.springframework.test.context.support.AbstractContextLoader - Did not detect default resource location for test class [com.hh99_clone.hh99_clone.Hh99CloneApplicationTests]: class path resource [com/hh99_clone/hh99_clone/Hh99CloneApplicationTests-context.xml] does not exist
12:06:11.282 [Test worker] DEBUG org.springframework.test.context.support.AbstractContextLoader - Did not detect default resource location for test class [com.hh99_clone.hh99_clone.Hh99CloneApplicationTests]: class path resource [com/hh99_clone/hh99_clone/Hh99CloneApplicationTestsContext.groovy] does not exist
12:06:11.282 [Test worker] INFO org.springframework.test.context.support.AbstractContextLoader - Could not detect default resource locations for test class [com.hh99_clone.hh99_clone.Hh99CloneApplicationTests]: no resource found for suffixes {-context.xml, Context.groovy}.
12:06:11.282 [Test worker] INFO org.springframework.test.context.support.AnnotationConfigContextLoaderUtils - Could not detect default configuration classes for test class [com.hh99_clone.hh99_clone.Hh99CloneApplicationTests]: Hh99CloneApplicationTests does not declare any static, non-private, non-final, nested classes annotated with @Configuration.
12:06:11.323 [Test worker] DEBUG org.springframework.test.context.support.ActiveProfilesUtils - Could not find an 'annotation declaring class' for annotation type [org.springframework.test.context.ActiveProfiles] and class [com.hh99_clone.hh99_clone.Hh99CloneApplicationTests]
12:06:11.388 [Test worker] DEBUG org.springframework.context.annotation.ClassPathScanningCandidateComponentProvider - Identified candidate component class: file [/Users/underjoy/Desktop/hh99/cpt4/hh99_clone/build/classes/java/main/com/hh99_clone/hh99_clone/Hh99CloneApplication.class]
12:06:11.389 [Test worker] INFO org.springframework.boot.test.context.SpringBootTestContextBootstrapper - Found @SpringBootConfiguration com.hh99_clone.hh99_clone.Hh99CloneApplication for test class com.hh99_clone.hh99_clone.Hh99CloneApplicationTests
12:06:11.478 [Test worker] DEBUG org.springframework.boot.test.context.SpringBootTestContextBootstrapper - @TestExecutionListeners is not present for class [com.hh99_clone.hh99_clone.Hh99CloneApplicationTests]: using defaults.
12:06:11.479 [Test worker] INFO org.springframework.boot.test.context.SpringBootTestContextBootstrapper - Loaded default TestExecutionListener class names from location [META-INF/spring.factories]: [org.springframework.boot.test.autoconfigure.restdocs.RestDocsTestExecutionListener, org.springframework.boot.test.autoconfigure.web.client.MockRestServiceServerResetTestExecutionListener, org.springframework.boot.test.autoconfigure.web.servlet.MockMvcPrintOnlyOnFailureTestExecutionListener, org.springframework.boot.test.autoconfigure.web.servlet.WebDriverTestExecutionListener, org.springframework.boot.test.autoconfigure.webservices.client.MockWebServiceServerTestExecutionListener, org.springframework.boot.test.mock.mockito.MockitoTestExecutionListener, org.springframework.boot.test.mock.mockito.ResetMocksTestExecutionListener, org.springframework.test.context.web.ServletTestExecutionListener, org.springframework.test.context.support.DirtiesContextBeforeModesTestExecutionListener, org.springframework.test.context.event.ApplicationEventsTestExecutionListener, org.springframework.test.context.support.DependencyInjectionTestExecutionListener, org.springframework.test.context.support.DirtiesContextTestExecutionListener, org.springframework.test.context.transaction.TransactionalTestExecutionListener, org.springframework.test.context.jdbc.SqlScriptsTestExecutionListener, org.springframework.test.context.event.EventPublishingTestExecutionListener]
12:06:11.495 [Test worker] INFO org.springframework.boot.test.context.SpringBootTestContextBootstrapper - Using TestExecutionListeners: [org.springframework.test.context.web.ServletTestExecutionListener@730ed9ff, org.springframework.test.context.support.DirtiesContextBeforeModesTestExecutionListener@13217daf, org.springframework.test.context.event.ApplicationEventsTestExecutionListener@71be36b4, org.springframework.boot.test.mock.mockito.MockitoTestExecutionListener@2d6d2744, org.springframework.boot.test.autoconfigure.SpringBootDependencyInjectionTestExecutionListener@28a9c237, org.springframework.test.context.support.DirtiesContextTestExecutionListener@30fd0e88, org.springframework.test.context.transaction.TransactionalTestExecutionListener@307685b5, org.springframework.test.context.jdbc.SqlScriptsTestExecutionListener@7465d3f8, org.springframework.test.context.event.EventPublishingTestExecutionListener@12bb1f39, org.springframework.boot.test.autoconfigure.restdocs.RestDocsTestExecutionListener@4a6adaa8, org.springframework.boot.test.autoconfigure.web.client.MockRestServiceServerResetTestExecutionListener@4eb5a57d, org.springframework.boot.test.autoconfigure.web.servlet.MockMvcPrintOnlyOnFailureTestExecutionListener@14155540, org.springframework.boot.test.autoconfigure.web.servlet.WebDriverTestExecutionListener@5e9dd22c, org.springframework.boot.test.autoconfigure.webservices.client.MockWebServiceServerTestExecutionListener@423efccd, org.springframework.boot.test.mock.mockito.ResetMocksTestExecutionListener@21c327ba]
12:06:11.499 [Test worker] DEBUG org.springframework.test.context.support.AbstractDirtiesContextTestExecutionListener - Before test class: context [DefaultTestContext@7022b7ef testClass = Hh99CloneApplicationTests, testInstance = [null], testMethod = [null], testException = [null], mergedContextConfiguration = [WebMergedContextConfiguration@194ea625 testClass = Hh99CloneApplicationTests, locations = '{}', classes = '{class com.hh99_clone.hh99_clone.Hh99CloneApplication}', contextInitializerClasses = '[]', activeProfiles = '{}', propertySourceLocations = '{}', propertySourceProperties = '{org.springframework.boot.test.context.SpringBootTestContextBootstrapper=true}', contextCustomizers = set[org.springframework.boot.test.autoconfigure.actuate.metrics.MetricsExportContextCustomizerFactory$DisableMetricExportContextCustomizer@42fad2d9, org.springframework.boot.test.autoconfigure.properties.PropertyMappingContextCustomizer@0, org.springframework.boot.test.autoconfigure.web.servlet.WebDriverContextCustomizerFactory$Customizer@8265344, org.springframework.boot.test.context.filter.ExcludeFilterContextCustomizer@12875ded, org.springframework.boot.test.json.DuplicateJsonObjectContextCustomizerFactory$DuplicateJsonObjectContextCustomizer@140473ff, org.springframework.boot.test.mock.mockito.MockitoContextCustomizer@0, org.springframework.boot.test.web.client.TestRestTemplateContextCustomizer@6bb4fbfb, org.springframework.boot.test.context.SpringBootTestArgs@1, org.springframework.boot.test.context.SpringBootTestWebEnvironment@4948e67e], resourceBasePath = 'src/main/webapp', contextLoader = 'org.springframework.boot.test.context.SpringBootContextLoader', parent = [null]], attributes = map['org.springframework.test.context.web.ServletTestExecutionListener.activateListener' -> true]], class annotated with @DirtiesContext [false] with mode [null].
12:06:11.525 [Test worker] DEBUG org.springframework.test.context.support.TestPropertySourceUtils - Adding inlined properties to environment: {spring.jmx.enabled=false, org.springframework.boot.test.context.SpringBootTestContextBootstrapper=true}

  .   ____          _            __ _ _
 /\\ / ___'_ __ _ _(_)_ __  __ _ \ \ \ \
( ( )\___ | '_ | '_| | '_ \/ _` | \ \ \ \
 \\/  ___)| |_)| | | | | || (_| |  ) ) ) )
  '  |____| .__|_| |_|_| |_\__, | / / / /
 =========|_|==============|___/=/_/_/_/
 :: Spring Boot ::                (v2.4.4)

2021-04-05 12:06:11.977  WARN 14201 --- [    Test worker] ory$DuplicateJsonObjectContextCustomizer : 

Found multiple occurrences of org.json.JSONObject on the class path:

	jar:file:/Users/underjoy/.gradle/caches/modules-2/files-2.1/org.json/json/20160810/aca5eb39e2a12fddd6c472b240afe9ebea3a6733/json-20160810.jar!/org/json/JSONObject.class
	jar:file:/Users/underjoy/.gradle/caches/modules-2/files-2.1/com.vaadin.external.google/android-json/0.0.20131108.vaadin1/fa26d351fe62a6a17f5cda1287c1c6110dec413f/android-json-0.0.20131108.vaadin1.jar!/org/json/JSONObject.class

You may wish to exclude one of them to ensure predictable runtime behavior

2021-04-05 12:06:11.988  INFO 14201 --- [    Test worker] c.h.h.Hh99CloneApplicationTests          : Starting Hh99CloneApplicationTests using Java 1.8.0_275 on jeongseogmaeg.local with PID 14201 (started by underjoy in /Users/underjoy/Desktop/hh99/cpt4/hh99_clone)
2021-04-05 12:06:11.990  INFO 14201 --- [    Test worker] c.h.h.Hh99CloneApplicationTests          : No active profile set, falling back to default profiles: default
2021-04-05 12:06:12.552  INFO 14201 --- [    Test worker] .s.d.r.c.RepositoryConfigurationDelegate : Bootstrapping Spring Data JPA repositories in DEFAULT mode.
2021-04-05 12:06:12.608  INFO 14201 --- [    Test worker] .s.d.r.c.RepositoryConfigurationDelegate : Finished Spring Data repository scanning in 47 ms. Found 1 JPA repository interfaces.
2021-04-05 12:06:13.294  INFO 14201 --- [    Test worker] o.hibernate.jpa.internal.util.LogHelper  : HHH000204: Processing PersistenceUnitInfo [name: default]
2021-04-05 12:06:13.341  INFO 14201 --- [    Test worker] org.hibernate.Version                    : HHH000412: Hibernate ORM core version 5.4.29.Final
2021-04-05 12:06:13.526  INFO 14201 --- [    Test worker] o.hibernate.annotations.common.Version   : HCANN000001: Hibernate Commons Annotations {5.1.2.Final}
2021-04-05 12:06:13.621  INFO 14201 --- [    Test worker] com.zaxxer.hikari.HikariDataSource       : HikariPool-1 - Starting...
2021-04-05 12:06:13.802  INFO 14201 --- [    Test worker] com.zaxxer.hikari.HikariDataSource       : HikariPool-1 - Start completed.
2021-04-05 12:06:13.835  INFO 14201 --- [    Test worker] org.hibernate.dialect.Dialect            : HHH000400: Using dialect: org.hibernate.dialect.H2Dialect
2021-04-05 12:06:14.487  INFO 14201 --- [    Test worker] o.h.e.t.j.p.i.JtaPlatformInitiator       : HHH000490: Using JtaPlatform implementation: [org.hibernate.engine.transaction.jta.platform.internal.NoJtaPlatform]
2021-04-05 12:06:14.496  INFO 14201 --- [    Test worker] j.LocalContainerEntityManagerFactoryBean : Initialized JPA EntityManagerFactory for persistence unit 'default'
2021-04-05 12:06:15.151  WARN 14201 --- [    Test worker] JpaBaseConfiguration$JpaWebConfiguration : spring.jpa.open-in-view is enabled by default. Therefore, database queries may be performed during view rendering. Explicitly configure spring.jpa.open-in-view to disable this warning
2021-04-05 12:06:15.375  INFO 14201 --- [    Test worker] o.s.s.concurrent.ThreadPoolTaskExecutor  : Initializing ExecutorService 'applicationTaskExecutor'
2021-04-05 12:06:15.433  INFO 14201 --- [    Test worker] o.s.b.a.h2.H2ConsoleAutoConfiguration    : H2 console available at '/h2-console'. Database available at 'jdbc:h2:mem:testdb'
2021-04-05 12:06:15.502  INFO 14201 --- [    Test worker] o.s.b.a.w.s.WelcomePageHandlerMapping    : Adding welcome page: class path resource [static/index.html]
2021-04-05 12:06:15.770  INFO 14201 --- [    Test worker] .s.s.UserDetailsServiceAutoConfiguration : 

Using generated security password: 388e4aa3-677a-4508-b33f-f4e43a46dfab

2021-04-05 12:06:16.145  INFO 14201 --- [    Test worker] o.s.s.web.DefaultSecurityFilterChain     : Will secure any request with [org.springframework.security.web.context.request.async.WebAsyncManagerIntegrationFilter@3264c088, org.springframework.security.web.context.SecurityContextPersistenceFilter@59589ad0, org.springframework.security.web.header.HeaderWriterFilter@4db25bf, org.springframework.security.web.csrf.CsrfFilter@41e2bab6, org.springframework.security.web.authentication.logout.LogoutFilter@6090a0af, org.springframework.security.web.authentication.UsernamePasswordAuthenticationFilter@1453ed1f, org.springframework.security.web.authentication.ui.DefaultLoginPageGeneratingFilter@2853465e, org.springframework.security.web.authentication.ui.DefaultLogoutPageGeneratingFilter@393ba414, org.springframework.security.web.authentication.www.BasicAuthenticationFilter@3851d231, org.springframework.security.web.savedrequest.RequestCacheAwareFilter@24374177, org.springframework.security.web.servletapi.SecurityContextHolderAwareRequestFilter@cab82eb, org.springframework.security.web.authentication.AnonymousAuthenticationFilter@fcd2958, org.springframework.security.web.session.SessionManagementFilter@4cbf46df, org.springframework.security.web.access.ExceptionTranslationFilter@62332702, org.springframework.security.web.access.intercept.FilterSecurityInterceptor@723c22d7]
2021-04-05 12:06:16.237  INFO 14201 --- [    Test worker] c.h.h.Hh99CloneApplicationTests          : Started Hh99CloneApplicationTests in 4.704 seconds (JVM running for 5.747)
]]></system-out>
  <system-err><![CDATA[]]></system-err>
</testsuite>
