<?xml version="1.0" encoding="UTF-8"?>
<testsuite name="com.hh99_clone.hh99_clone.Hh99CloneApplicationTests" tests="1" skipped="0" failures="0" errors="0" timestamp="2021-04-08T06:08:56" hostname="jeongseogmaeg.local" time="0.091">
  <properties/>
  <testcase name="contextLoads()" classname="com.hh99_clone.hh99_clone.Hh99CloneApplicationTests" time="0.091"/>
  <system-out><![CDATA[15:08:50.332 [Test worker] DEBUG org.springframework.test.context.BootstrapUtils - Instantiating CacheAwareContextLoaderDelegate from class [org.springframework.test.context.cache.DefaultCacheAwareContextLoaderDelegate]
15:08:50.351 [Test worker] DEBUG org.springframework.test.context.BootstrapUtils - Instantiating BootstrapContext using constructor [public org.springframework.test.context.support.DefaultBootstrapContext(java.lang.Class,org.springframework.test.context.CacheAwareContextLoaderDelegate)]
15:08:50.387 [Test worker] DEBUG org.springframework.test.context.BootstrapUtils - Instantiating TestContextBootstrapper for test class [com.hh99_clone.hh99_clone.Hh99CloneApplicationTests] from class [org.springframework.boot.test.context.SpringBootTestContextBootstrapper]
15:08:50.402 [Test worker] INFO org.springframework.boot.test.context.SpringBootTestContextBootstrapper - Neither @ContextConfiguration nor @ContextHierarchy found for test class [com.hh99_clone.hh99_clone.Hh99CloneApplicationTests], using SpringBootContextLoader
15:08:50.406 [Test worker] DEBUG org.springframework.test.context.support.AbstractContextLoader - Did not detect default resource location for test class [com.hh99_clone.hh99_clone.Hh99CloneApplicationTests]: class path resource [com/hh99_clone/hh99_clone/Hh99CloneApplicationTests-context.xml] does not exist
15:08:50.406 [Test worker] DEBUG org.springframework.test.context.support.AbstractContextLoader - Did not detect default resource location for test class [com.hh99_clone.hh99_clone.Hh99CloneApplicationTests]: class path resource [com/hh99_clone/hh99_clone/Hh99CloneApplicationTestsContext.groovy] does not exist
15:08:50.406 [Test worker] INFO org.springframework.test.context.support.AbstractContextLoader - Could not detect default resource locations for test class [com.hh99_clone.hh99_clone.Hh99CloneApplicationTests]: no resource found for suffixes {-context.xml, Context.groovy}.
15:08:50.407 [Test worker] INFO org.springframework.test.context.support.AnnotationConfigContextLoaderUtils - Could not detect default configuration classes for test class [com.hh99_clone.hh99_clone.Hh99CloneApplicationTests]: Hh99CloneApplicationTests does not declare any static, non-private, non-final, nested classes annotated with @Configuration.
15:08:50.453 [Test worker] DEBUG org.springframework.test.context.support.ActiveProfilesUtils - Could not find an 'annotation declaring class' for annotation type [org.springframework.test.context.ActiveProfiles] and class [com.hh99_clone.hh99_clone.Hh99CloneApplicationTests]
15:08:50.527 [Test worker] DEBUG org.springframework.context.annotation.ClassPathScanningCandidateComponentProvider - Identified candidate component class: file [/Users/underjoy/Desktop/hh99/cpt4/hh99_clone/build/classes/java/main/com/hh99_clone/hh99_clone/Hh99CloneApplication.class]
15:08:50.528 [Test worker] INFO org.springframework.boot.test.context.SpringBootTestContextBootstrapper - Found @SpringBootConfiguration com.hh99_clone.hh99_clone.Hh99CloneApplication for test class com.hh99_clone.hh99_clone.Hh99CloneApplicationTests
15:08:50.638 [Test worker] DEBUG org.springframework.boot.test.context.SpringBootTestContextBootstrapper - @TestExecutionListeners is not present for class [com.hh99_clone.hh99_clone.Hh99CloneApplicationTests]: using defaults.
15:08:50.639 [Test worker] INFO org.springframework.boot.test.context.SpringBootTestContextBootstrapper - Loaded default TestExecutionListener class names from location [META-INF/spring.factories]: [org.springframework.security.test.context.support.WithSecurityContextTestExecutionListener, org.springframework.security.test.context.support.ReactorContextTestExecutionListener, org.springframework.boot.test.autoconfigure.restdocs.RestDocsTestExecutionListener, org.springframework.boot.test.autoconfigure.web.client.MockRestServiceServerResetTestExecutionListener, org.springframework.boot.test.autoconfigure.web.servlet.MockMvcPrintOnlyOnFailureTestExecutionListener, org.springframework.boot.test.autoconfigure.web.servlet.WebDriverTestExecutionListener, org.springframework.boot.test.autoconfigure.webservices.client.MockWebServiceServerTestExecutionListener, org.springframework.boot.test.mock.mockito.MockitoTestExecutionListener, org.springframework.boot.test.mock.mockito.ResetMocksTestExecutionListener, org.springframework.test.context.web.ServletTestExecutionListener, org.springframework.test.context.support.DirtiesContextBeforeModesTestExecutionListener, org.springframework.test.context.event.ApplicationEventsTestExecutionListener, org.springframework.test.context.support.DependencyInjectionTestExecutionListener, org.springframework.test.context.support.DirtiesContextTestExecutionListener, org.springframework.test.context.transaction.TransactionalTestExecutionListener, org.springframework.test.context.jdbc.SqlScriptsTestExecutionListener, org.springframework.test.context.event.EventPublishingTestExecutionListener]
15:08:50.664 [Test worker] INFO org.springframework.boot.test.context.SpringBootTestContextBootstrapper - Using TestExecutionListeners: [org.springframework.test.context.web.ServletTestExecutionListener@4b04c7e4, org.springframework.test.context.support.DirtiesContextBeforeModesTestExecutionListener@4f7cb098, org.springframework.test.context.event.ApplicationEventsTestExecutionListener@48ffb745, org.springframework.boot.test.mock.mockito.MockitoTestExecutionListener@5ce71747, org.springframework.boot.test.autoconfigure.SpringBootDependencyInjectionTestExecutionListener@31b1c0d8, org.springframework.test.context.support.DirtiesContextTestExecutionListener@1be34e06, org.springframework.test.context.transaction.TransactionalTestExecutionListener@2e9387a0, org.springframework.test.context.jdbc.SqlScriptsTestExecutionListener@4aaae01a, org.springframework.security.test.context.support.WithSecurityContextTestExecutionListener@75a24e97, org.springframework.test.context.event.EventPublishingTestExecutionListener@74b0ad5b, org.springframework.security.test.context.support.ReactorContextTestExecutionListener@462c9aea, org.springframework.boot.test.autoconfigure.restdocs.RestDocsTestExecutionListener@5b1b1805, org.springframework.boot.test.autoconfigure.web.client.MockRestServiceServerResetTestExecutionListener@3caa3307, org.springframework.boot.test.autoconfigure.web.servlet.MockMvcPrintOnlyOnFailureTestExecutionListener@4d019bbc, org.springframework.boot.test.autoconfigure.web.servlet.WebDriverTestExecutionListener@6f58a33c, org.springframework.boot.test.autoconfigure.webservices.client.MockWebServiceServerTestExecutionListener@6c0055e2, org.springframework.boot.test.mock.mockito.ResetMocksTestExecutionListener@15f616e]
15:08:50.669 [Test worker] DEBUG org.springframework.test.context.support.AbstractDirtiesContextTestExecutionListener - Before test class: context [DefaultTestContext@55e52538 testClass = Hh99CloneApplicationTests, testInstance = [null], testMethod = [null], testException = [null], mergedContextConfiguration = [WebMergedContextConfiguration@29c302 testClass = Hh99CloneApplicationTests, locations = '{}', classes = '{class com.hh99_clone.hh99_clone.Hh99CloneApplication}', contextInitializerClasses = '[]', activeProfiles = '{}', propertySourceLocations = '{}', propertySourceProperties = '{org.springframework.boot.test.context.SpringBootTestContextBootstrapper=true}', contextCustomizers = set[org.springframework.boot.test.autoconfigure.actuate.metrics.MetricsExportContextCustomizerFactory$DisableMetricExportContextCustomizer@58123447, org.springframework.boot.test.autoconfigure.properties.PropertyMappingContextCustomizer@0, org.springframework.boot.test.autoconfigure.web.servlet.WebDriverContextCustomizerFactory$Customizer@224abed, org.springframework.boot.test.context.filter.ExcludeFilterContextCustomizer@24d2989f, org.springframework.boot.test.json.DuplicateJsonObjectContextCustomizerFactory$DuplicateJsonObjectContextCustomizer@1b6fd5b, org.springframework.boot.test.mock.mockito.MockitoContextCustomizer@0, org.springframework.boot.test.web.client.TestRestTemplateContextCustomizer@2111fd18, org.springframework.boot.test.context.SpringBootTestArgs@1, org.springframework.boot.test.context.SpringBootTestWebEnvironment@22dbecb1], resourceBasePath = 'src/main/webapp', contextLoader = 'org.springframework.boot.test.context.SpringBootContextLoader', parent = [null]], attributes = map['org.springframework.test.context.web.ServletTestExecutionListener.activateListener' -> true]], class annotated with @DirtiesContext [false] with mode [null].
15:08:50.701 [Test worker] DEBUG org.springframework.test.context.support.TestPropertySourceUtils - Adding inlined properties to environment: {spring.jmx.enabled=false, org.springframework.boot.test.context.SpringBootTestContextBootstrapper=true}

  .   ____          _            __ _ _
 /\\ / ___'_ __ _ _(_)_ __  __ _ \ \ \ \
( ( )\___ | '_ | '_| | '_ \/ _` | \ \ \ \
 \\/  ___)| |_)| | | | | || (_| |  ) ) ) )
  '  |____| .__|_| |_|_| |_\__, | / / / /
 =========|_|==============|___/=/_/_/_/
 :: Spring Boot ::                (v2.4.4)

2021-04-08 15:08:51.263  WARN 95250 --- [    Test worker] ory$DuplicateJsonObjectContextCustomizer : 

Found multiple occurrences of org.json.JSONObject on the class path:

	jar:file:/Users/underjoy/.gradle/caches/modules-2/files-2.1/org.json/json/20160810/aca5eb39e2a12fddd6c472b240afe9ebea3a6733/json-20160810.jar!/org/json/JSONObject.class
	jar:file:/Users/underjoy/.gradle/caches/modules-2/files-2.1/com.vaadin.external.google/android-json/0.0.20131108.vaadin1/fa26d351fe62a6a17f5cda1287c1c6110dec413f/android-json-0.0.20131108.vaadin1.jar!/org/json/JSONObject.class

You may wish to exclude one of them to ensure predictable runtime behavior

2021-04-08 15:08:51.275  INFO 95250 --- [    Test worker] c.h.h.Hh99CloneApplicationTests          : Starting Hh99CloneApplicationTests using Java 1.8.0_275 on jeongseogmaeg.local with PID 95250 (started by underjoy in /Users/underjoy/Desktop/hh99/cpt4/hh99_clone)
2021-04-08 15:08:51.276  INFO 95250 --- [    Test worker] c.h.h.Hh99CloneApplicationTests          : No active profile set, falling back to default profiles: default
2021-04-08 15:08:52.000  INFO 95250 --- [    Test worker] .s.d.r.c.RepositoryConfigurationDelegate : Bootstrapping Spring Data JPA repositories in DEFAULT mode.
2021-04-08 15:08:52.075  INFO 95250 --- [    Test worker] .s.d.r.c.RepositoryConfigurationDelegate : Finished Spring Data repository scanning in 67 ms. Found 4 JPA repository interfaces.
2021-04-08 15:08:52.605  INFO 95250 --- [    Test worker] trationDelegate$BeanPostProcessorChecker : Bean 'org.springframework.security.access.expression.method.DefaultMethodSecurityExpressionHandler@191d020' of type [org.springframework.security.access.expression.method.DefaultMethodSecurityExpressionHandler] is not eligible for getting processed by all BeanPostProcessors (for example: not eligible for auto-proxying)
2021-04-08 15:08:52.616  INFO 95250 --- [    Test worker] trationDelegate$BeanPostProcessorChecker : Bean 'methodSecurityMetadataSource' of type [org.springframework.security.access.method.DelegatingMethodSecurityMetadataSource] is not eligible for getting processed by all BeanPostProcessors (for example: not eligible for auto-proxying)
2021-04-08 15:08:52.848  INFO 95250 --- [    Test worker] o.hibernate.jpa.internal.util.LogHelper  : HHH000204: Processing PersistenceUnitInfo [name: default]
2021-04-08 15:08:52.903  INFO 95250 --- [    Test worker] org.hibernate.Version                    : HHH000412: Hibernate ORM core version 5.4.29.Final
2021-04-08 15:08:53.054  INFO 95250 --- [    Test worker] o.hibernate.annotations.common.Version   : HCANN000001: Hibernate Commons Annotations {5.1.2.Final}
2021-04-08 15:08:53.184  INFO 95250 --- [    Test worker] com.zaxxer.hikari.HikariDataSource       : HikariPool-1 - Starting...
2021-04-08 15:08:53.416  INFO 95250 --- [    Test worker] com.zaxxer.hikari.HikariDataSource       : HikariPool-1 - Start completed.
2021-04-08 15:08:53.440  INFO 95250 --- [    Test worker] org.hibernate.dialect.Dialect            : HHH000400: Using dialect: org.hibernate.dialect.H2Dialect
2021-04-08 15:08:54.369  INFO 95250 --- [    Test worker] o.h.e.t.j.p.i.JtaPlatformInitiator       : HHH000490: Using JtaPlatform implementation: [org.hibernate.engine.transaction.jta.platform.internal.NoJtaPlatform]
2021-04-08 15:08:54.378  INFO 95250 --- [    Test worker] j.LocalContainerEntityManagerFactoryBean : Initialized JPA EntityManagerFactory for persistence unit 'default'
2021-04-08 15:08:55.275  WARN 95250 --- [    Test worker] JpaBaseConfiguration$JpaWebConfiguration : spring.jpa.open-in-view is enabled by default. Therefore, database queries may be performed during view rendering. Explicitly configure spring.jpa.open-in-view to disable this warning
2021-04-08 15:08:55.480  INFO 95250 --- [    Test worker] o.s.s.web.DefaultSecurityFilterChain     : Will secure Ant [pattern='/h2-console/**'] with []
2021-04-08 15:08:55.480  INFO 95250 --- [    Test worker] o.s.s.web.DefaultSecurityFilterChain     : Will secure Ant [pattern='/favicon.ico'] with []
2021-04-08 15:08:55.480  INFO 95250 --- [    Test worker] o.s.s.web.DefaultSecurityFilterChain     : Will secure Ant [pattern='/error'] with []
2021-04-08 15:08:55.580  INFO 95250 --- [    Test worker] o.s.s.web.DefaultSecurityFilterChain     : Will secure any request with [org.springframework.security.web.context.request.async.WebAsyncManagerIntegrationFilter@ed69358, org.springframework.security.web.context.SecurityContextPersistenceFilter@903510b, org.springframework.security.web.header.HeaderWriterFilter@55ea5257, org.springframework.security.web.authentication.logout.LogoutFilter@549968c2, org.springframework.web.filter.CorsFilter@43ec2704, com.hh99_clone.hh99_clone.jwt.JwtFilter@7edc267f, org.springframework.security.web.savedrequest.RequestCacheAwareFilter@3897c2a6, org.springframework.security.web.servletapi.SecurityContextHolderAwareRequestFilter@5509da87, org.springframework.security.web.authentication.AnonymousAuthenticationFilter@12bc6e48, org.springframework.security.web.session.SessionManagementFilter@68fb2931, org.springframework.security.web.access.ExceptionTranslationFilter@3c628611, org.springframework.security.web.access.intercept.FilterSecurityInterceptor@2e4bc623]
2021-04-08 15:08:56.068  INFO 95250 --- [    Test worker] o.s.s.concurrent.ThreadPoolTaskExecutor  : Initializing ExecutorService 'applicationTaskExecutor'
2021-04-08 15:08:56.146  INFO 95250 --- [    Test worker] o.s.b.a.h2.H2ConsoleAutoConfiguration    : H2 console available at '/h2-console'. Database available at 'jdbc:h2:mem:testdb'
2021-04-08 15:08:56.219  INFO 95250 --- [    Test worker] o.s.b.a.w.s.WelcomePageHandlerMapping    : Adding welcome page: class path resource [static/index.html]
2021-04-08 15:08:56.545  INFO 95250 --- [    Test worker] c.h.h.Hh99CloneApplicationTests          : Started Hh99CloneApplicationTests in 5.837 seconds (JVM running for 7.252)
]]></system-out>
  <system-err><![CDATA[]]></system-err>
</testsuite>
