<?xml version="1.0" encoding="UTF-8"?>
<testsuite name="com.hh99_clone.hh99_clone.Hh99CloneApplicationTests" tests="1" skipped="0" failures="0" errors="0" timestamp="2021-04-05T13:01:54" hostname="jeongseogmaeg.local" time="0.066">
  <properties/>
  <testcase name="contextLoads()" classname="com.hh99_clone.hh99_clone.Hh99CloneApplicationTests" time="0.066"/>
  <system-out><![CDATA[22:01:50.937 [Test worker] DEBUG org.springframework.test.context.BootstrapUtils - Instantiating CacheAwareContextLoaderDelegate from class [org.springframework.test.context.cache.DefaultCacheAwareContextLoaderDelegate]
22:01:50.948 [Test worker] DEBUG org.springframework.test.context.BootstrapUtils - Instantiating BootstrapContext using constructor [public org.springframework.test.context.support.DefaultBootstrapContext(java.lang.Class,org.springframework.test.context.CacheAwareContextLoaderDelegate)]
22:01:50.976 [Test worker] DEBUG org.springframework.test.context.BootstrapUtils - Instantiating TestContextBootstrapper for test class [com.hh99_clone.hh99_clone.Hh99CloneApplicationTests] from class [org.springframework.boot.test.context.SpringBootTestContextBootstrapper]
22:01:50.987 [Test worker] INFO org.springframework.boot.test.context.SpringBootTestContextBootstrapper - Neither @ContextConfiguration nor @ContextHierarchy found for test class [com.hh99_clone.hh99_clone.Hh99CloneApplicationTests], using SpringBootContextLoader
22:01:50.990 [Test worker] DEBUG org.springframework.test.context.support.AbstractContextLoader - Did not detect default resource location for test class [com.hh99_clone.hh99_clone.Hh99CloneApplicationTests]: class path resource [com/hh99_clone/hh99_clone/Hh99CloneApplicationTests-context.xml] does not exist
22:01:50.990 [Test worker] DEBUG org.springframework.test.context.support.AbstractContextLoader - Did not detect default resource location for test class [com.hh99_clone.hh99_clone.Hh99CloneApplicationTests]: class path resource [com/hh99_clone/hh99_clone/Hh99CloneApplicationTestsContext.groovy] does not exist
22:01:50.991 [Test worker] INFO org.springframework.test.context.support.AbstractContextLoader - Could not detect default resource locations for test class [com.hh99_clone.hh99_clone.Hh99CloneApplicationTests]: no resource found for suffixes {-context.xml, Context.groovy}.
22:01:50.991 [Test worker] INFO org.springframework.test.context.support.AnnotationConfigContextLoaderUtils - Could not detect default configuration classes for test class [com.hh99_clone.hh99_clone.Hh99CloneApplicationTests]: Hh99CloneApplicationTests does not declare any static, non-private, non-final, nested classes annotated with @Configuration.
22:01:51.031 [Test worker] DEBUG org.springframework.test.context.support.ActiveProfilesUtils - Could not find an 'annotation declaring class' for annotation type [org.springframework.test.context.ActiveProfiles] and class [com.hh99_clone.hh99_clone.Hh99CloneApplicationTests]
22:01:51.083 [Test worker] DEBUG org.springframework.context.annotation.ClassPathScanningCandidateComponentProvider - Identified candidate component class: file [/Users/underjoy/Desktop/hh99/cpt4/hh99_clone/build/classes/java/main/com/hh99_clone/hh99_clone/Hh99CloneApplication.class]
22:01:51.084 [Test worker] INFO org.springframework.boot.test.context.SpringBootTestContextBootstrapper - Found @SpringBootConfiguration com.hh99_clone.hh99_clone.Hh99CloneApplication for test class com.hh99_clone.hh99_clone.Hh99CloneApplicationTests
22:01:51.165 [Test worker] DEBUG org.springframework.boot.test.context.SpringBootTestContextBootstrapper - @TestExecutionListeners is not present for class [com.hh99_clone.hh99_clone.Hh99CloneApplicationTests]: using defaults.
22:01:51.166 [Test worker] INFO org.springframework.boot.test.context.SpringBootTestContextBootstrapper - Loaded default TestExecutionListener class names from location [META-INF/spring.factories]: [org.springframework.boot.test.autoconfigure.restdocs.RestDocsTestExecutionListener, org.springframework.boot.test.autoconfigure.web.client.MockRestServiceServerResetTestExecutionListener, org.springframework.boot.test.autoconfigure.web.servlet.MockMvcPrintOnlyOnFailureTestExecutionListener, org.springframework.boot.test.autoconfigure.web.servlet.WebDriverTestExecutionListener, org.springframework.boot.test.autoconfigure.webservices.client.MockWebServiceServerTestExecutionListener, org.springframework.boot.test.mock.mockito.MockitoTestExecutionListener, org.springframework.boot.test.mock.mockito.ResetMocksTestExecutionListener, org.springframework.test.context.web.ServletTestExecutionListener, org.springframework.test.context.support.DirtiesContextBeforeModesTestExecutionListener, org.springframework.test.context.event.ApplicationEventsTestExecutionListener, org.springframework.test.context.support.DependencyInjectionTestExecutionListener, org.springframework.test.context.support.DirtiesContextTestExecutionListener, org.springframework.test.context.transaction.TransactionalTestExecutionListener, org.springframework.test.context.jdbc.SqlScriptsTestExecutionListener, org.springframework.test.context.event.EventPublishingTestExecutionListener]
22:01:51.183 [Test worker] INFO org.springframework.boot.test.context.SpringBootTestContextBootstrapper - Using TestExecutionListeners: [org.springframework.test.context.web.ServletTestExecutionListener@730ed9ff, org.springframework.test.context.support.DirtiesContextBeforeModesTestExecutionListener@13217daf, org.springframework.test.context.event.ApplicationEventsTestExecutionListener@71be36b4, org.springframework.boot.test.mock.mockito.MockitoTestExecutionListener@2d6d2744, org.springframework.boot.test.autoconfigure.SpringBootDependencyInjectionTestExecutionListener@28a9c237, org.springframework.test.context.support.DirtiesContextTestExecutionListener@30fd0e88, org.springframework.test.context.transaction.TransactionalTestExecutionListener@307685b5, org.springframework.test.context.jdbc.SqlScriptsTestExecutionListener@7465d3f8, org.springframework.test.context.event.EventPublishingTestExecutionListener@12bb1f39, org.springframework.boot.test.autoconfigure.restdocs.RestDocsTestExecutionListener@4a6adaa8, org.springframework.boot.test.autoconfigure.web.client.MockRestServiceServerResetTestExecutionListener@4eb5a57d, org.springframework.boot.test.autoconfigure.web.servlet.MockMvcPrintOnlyOnFailureTestExecutionListener@14155540, org.springframework.boot.test.autoconfigure.web.servlet.WebDriverTestExecutionListener@5e9dd22c, org.springframework.boot.test.autoconfigure.webservices.client.MockWebServiceServerTestExecutionListener@423efccd, org.springframework.boot.test.mock.mockito.ResetMocksTestExecutionListener@21c327ba]
22:01:51.187 [Test worker] DEBUG org.springframework.test.context.support.AbstractDirtiesContextTestExecutionListener - Before test class: context [DefaultTestContext@7022b7ef testClass = Hh99CloneApplicationTests, testInstance = [null], testMethod = [null], testException = [null], mergedContextConfiguration = [WebMergedContextConfiguration@194ea625 testClass = Hh99CloneApplicationTests, locations = '{}', classes = '{class com.hh99_clone.hh99_clone.Hh99CloneApplication}', contextInitializerClasses = '[]', activeProfiles = '{}', propertySourceLocations = '{}', propertySourceProperties = '{org.springframework.boot.test.context.SpringBootTestContextBootstrapper=true}', contextCustomizers = set[org.springframework.boot.test.autoconfigure.actuate.metrics.MetricsExportContextCustomizerFactory$DisableMetricExportContextCustomizer@42fad2d9, org.springframework.boot.test.autoconfigure.properties.PropertyMappingContextCustomizer@0, org.springframework.boot.test.autoconfigure.web.servlet.WebDriverContextCustomizerFactory$Customizer@8265344, org.springframework.boot.test.context.filter.ExcludeFilterContextCustomizer@12875ded, org.springframework.boot.test.json.DuplicateJsonObjectContextCustomizerFactory$DuplicateJsonObjectContextCustomizer@140473ff, org.springframework.boot.test.mock.mockito.MockitoContextCustomizer@0, org.springframework.boot.test.web.client.TestRestTemplateContextCustomizer@6bb4fbfb, org.springframework.boot.test.context.SpringBootTestArgs@1, org.springframework.boot.test.context.SpringBootTestWebEnvironment@4948e67e], resourceBasePath = 'src/main/webapp', contextLoader = 'org.springframework.boot.test.context.SpringBootContextLoader', parent = [null]], attributes = map['org.springframework.test.context.web.ServletTestExecutionListener.activateListener' -> true]], class annotated with @DirtiesContext [false] with mode [null].
22:01:51.211 [Test worker] DEBUG org.springframework.test.context.support.TestPropertySourceUtils - Adding inlined properties to environment: {spring.jmx.enabled=false, org.springframework.boot.test.context.SpringBootTestContextBootstrapper=true}

  .   ____          _            __ _ _
 /\\ / ___'_ __ _ _(_)_ __  __ _ \ \ \ \
( ( )\___ | '_ | '_| | '_ \/ _` | \ \ \ \
 \\/  ___)| |_)| | | | | || (_| |  ) ) ) )
  '  |____| .__|_| |_|_| |_\__, | / / / /
 =========|_|==============|___/=/_/_/_/
 :: Spring Boot ::                (v2.4.4)

2021-04-05 22:01:51.406  WARN 24067 --- [    Test worker] ory$DuplicateJsonObjectContextCustomizer : 

Found multiple occurrences of org.json.JSONObject on the class path:

	jar:file:/Users/underjoy/.gradle/caches/modules-2/files-2.1/org.json/json/20160810/aca5eb39e2a12fddd6c472b240afe9ebea3a6733/json-20160810.jar!/org/json/JSONObject.class
	jar:file:/Users/underjoy/.gradle/caches/modules-2/files-2.1/com.vaadin.external.google/android-json/0.0.20131108.vaadin1/fa26d351fe62a6a17f5cda1287c1c6110dec413f/android-json-0.0.20131108.vaadin1.jar!/org/json/JSONObject.class

You may wish to exclude one of them to ensure predictable runtime behavior

2021-04-05 22:01:51.416  INFO 24067 --- [    Test worker] c.h.h.Hh99CloneApplicationTests          : Starting Hh99CloneApplicationTests using Java 1.8.0_275 on jeongseogmaeg.local with PID 24067 (started by underjoy in /Users/underjoy/Desktop/hh99/cpt4/hh99_clone)
2021-04-05 22:01:51.442  INFO 24067 --- [    Test worker] c.h.h.Hh99CloneApplicationTests          : No active profile set, falling back to default profiles: default
2021-04-05 22:01:51.914  INFO 24067 --- [    Test worker] .s.d.r.c.RepositoryConfigurationDelegate : Bootstrapping Spring Data JPA repositories in DEFAULT mode.
2021-04-05 22:01:51.958  INFO 24067 --- [    Test worker] .s.d.r.c.RepositoryConfigurationDelegate : Finished Spring Data repository scanning in 39 ms. Found 2 JPA repository interfaces.
2021-04-05 22:01:52.462  INFO 24067 --- [    Test worker] o.hibernate.jpa.internal.util.LogHelper  : HHH000204: Processing PersistenceUnitInfo [name: default]
2021-04-05 22:01:52.508  INFO 24067 --- [    Test worker] org.hibernate.Version                    : HHH000412: Hibernate ORM core version 5.4.29.Final
2021-04-05 22:01:52.679  INFO 24067 --- [    Test worker] o.hibernate.annotations.common.Version   : HCANN000001: Hibernate Commons Annotations {5.1.2.Final}
2021-04-05 22:01:52.761  INFO 24067 --- [    Test worker] com.zaxxer.hikari.HikariDataSource       : HikariPool-1 - Starting...
2021-04-05 22:01:52.917  INFO 24067 --- [    Test worker] com.zaxxer.hikari.HikariDataSource       : HikariPool-1 - Start completed.
2021-04-05 22:01:52.945  INFO 24067 --- [    Test worker] org.hibernate.dialect.Dialect            : HHH000400: Using dialect: org.hibernate.dialect.H2Dialect
2021-04-05 22:01:53.521  INFO 24067 --- [    Test worker] o.h.e.t.j.p.i.JtaPlatformInitiator       : HHH000490: Using JtaPlatform implementation: [org.hibernate.engine.transaction.jta.platform.internal.NoJtaPlatform]
2021-04-05 22:01:53.528  INFO 24067 --- [    Test worker] j.LocalContainerEntityManagerFactoryBean : Initialized JPA EntityManagerFactory for persistence unit 'default'
2021-04-05 22:01:54.090  WARN 24067 --- [    Test worker] JpaBaseConfiguration$JpaWebConfiguration : spring.jpa.open-in-view is enabled by default. Therefore, database queries may be performed during view rendering. Explicitly configure spring.jpa.open-in-view to disable this warning
2021-04-05 22:01:54.292  INFO 24067 --- [    Test worker] o.s.s.concurrent.ThreadPoolTaskExecutor  : Initializing ExecutorService 'applicationTaskExecutor'
2021-04-05 22:01:54.339  INFO 24067 --- [    Test worker] o.s.b.a.h2.H2ConsoleAutoConfiguration    : H2 console available at '/h2-console'. Database available at 'jdbc:h2:mem:testdb'
2021-04-05 22:01:54.386  INFO 24067 --- [    Test worker] o.s.b.a.w.s.WelcomePageHandlerMapping    : Adding welcome page: class path resource [static/index.html]
2021-04-05 22:01:54.671  INFO 24067 --- [    Test worker] c.h.h.Hh99CloneApplicationTests          : Started Hh99CloneApplicationTests in 3.454 seconds (JVM running for 4.413)
]]></system-out>
  <system-err><![CDATA[]]></system-err>
</testsuite>
